Traceback (most recent call last):
  File "/home/sd2402/gpu_stats/master.py", line 153, in <module>
    print(f"[{t[0]:0.4f}, {t[1]:0.4f}]\t{k:0.4f}, {s:0.4e}")
          ^^^^^^^^^^^^^^^^^^^^^^^^^^^^^^^^^^^^^^^^^^^^^^^^^
TypeError: unsupported format string passed to numpy.ndarray.__format__
srun: error: della-l01g2: task 0: Exited with exit code 1
srun: Terminating StepId=54821594.0
